This file contains any messages produced by compilers while
running configure, to aid debugging if configure makes a mistake.

It was created by wfw configure 1.0, which was
generated by GNU Autoconf 2.69.  Invocation command line was

  $ ../configure 

## --------- ##
## Platform. ##
## --------- ##

hostname = localhost
uname -m = amd64
uname -r = 8.1
uname -s = NetBSD
uname -v = NetBSD 8.1 (GENERIC) #0: Fri May 31 08:43:59 UTC 2019  mkrepro@mkrepro.NetBSD.org:/usr/src/sys/arch/amd64/compile/GENERIC

/usr/bin/uname -p = x86_64
/bin/uname -X     = unknown

/bin/arch              = unknown
/usr/bin/arch -k       = unknown
/usr/convex/getsysinfo = unknown
/usr/bin/hostinfo      = unknown
/bin/machine           = unknown
/usr/bin/oslevel       = unknown
/bin/universe          = unknown

PATH: /home/choeypn/bin
PATH: /bin
PATH: /sbin
PATH: /usr/bin
PATH: /usr/sbin
PATH: /usr/X11R7/bin
PATH: /usr/pkg/bin
PATH: /usr/pkg/sbin
PATH: /usr/games
PATH: /usr/local/bin
PATH: /usr/local/sbin


## ----------- ##
## Core tests. ##
## ----------- ##

configure:2093: checking for a BSD-compatible install
configure:2161: result: /usr/bin/install -c
configure:2172: checking whether build environment is sane
configure:2227: result: yes
configure:2378: checking for a thread-safe mkdir -p
configure:2417: result: ../install-sh -c -d
configure:2424: checking for gawk
configure:2454: result: no
configure:2424: checking for mawk
configure:2454: result: no
configure:2424: checking for nawk
configure:2454: result: no
configure:2424: checking for awk
configure:2440: found /usr/bin/awk
configure:2451: result: awk
configure:2462: checking whether make sets $(MAKE)
configure:2484: result: yes
configure:2513: checking whether make supports nested variables
configure:2530: result: yes
configure:2667: checking whether make supports nested variables
configure:2684: result: yes
configure:2751: checking for gcc
configure:2767: found /usr/bin/gcc
configure:2778: result: gcc
configure:3007: checking for C compiler version
configure:3016: gcc --version >&5
gcc (nb3 20180905) 5.5.0
Copyright (C) 2015 Free Software Foundation, Inc.
This is free software; see the source for copying conditions.  There is NO
warranty; not even for MERCHANTABILITY or FITNESS FOR A PARTICULAR PURPOSE.

configure:3027: $? = 0
configure:3016: gcc -v >&5
Using built-in specs.
COLLECT_GCC=gcc
COLLECT_LTO_WRAPPER=/usr/libexec/lto-wrapper
Target: x86_64--netbsd
Configured with: /usr/src/tools/gcc/../../external/gpl3/gcc/dist/configure --target=x86_64--netbsd --enable-long-long --enable-threads --with-bugurl=http://www.NetBSD.org/Misc/send-pr.html --with-pkgversion='NetBSD nb3 20180905' --with-system-zlib --disable-libstdcxx-dual-abi --enable-__cxa_atexit --enable-libstdcxx-time=rt --enable-libstdcxx-threads --with-tune=nocona --with-diagnostics-color=auto-if-env --with-mpc-lib=/var/obj/mknative/amd64-x86_64/usr/src/external/lgpl3/mpc/lib/libmpc --with-mpfr-lib=/var/obj/mknative/amd64-x86_64/usr/src/external/lgpl3/mpfr/lib/libmpfr --with-gmp-lib=/var/obj/mknative/amd64-x86_64/usr/src/external/lgpl3/gmp/lib/libgmp --with-mpc-include=/usr/src/external/lgpl3/mpc/dist/src --with-mpfr-include=/usr/src/external/lgpl3/mpfr/dist/src --with-gmp-include=/usr/src/external/lgpl3/gmp/lib/libgmp/arch/x86_64 --enable-tls --disable-multilib --disable-symvers --disable-libstdcxx-pch --disable-libstdcxx-dual-abi --build=x86_64--netbsd --host=x86_64--netbsd --with-sysroot=/var/obj/mknative/amd64-x86_64/usr/src/destdir.amd64
Thread model: posix
gcc version 5.5.0 (nb3 20180905) 
configure:3027: $? = 0
configure:3016: gcc -V >&5
gcc: error: unrecognized command line option '-V'
gcc: fatal error: no input files
compilation terminated.
configure:3027: $? = 1
configure:3016: gcc -qversion >&5
gcc: error: unrecognized command line option '-qversion'
gcc: fatal error: no input files
compilation terminated.
configure:3027: $? = 1
configure:3047: checking whether the C compiler works
configure:3069: gcc    conftest.c  >&5
configure:3073: $? = 0
configure:3121: result: yes
configure:3124: checking for C compiler default output file name
configure:3126: result: a.out
configure:3132: checking for suffix of executables
configure:3139: gcc -o conftest    conftest.c  >&5
configure:3143: $? = 0
configure:3165: result: 
configure:3187: checking whether we are cross compiling
configure:3195: gcc -o conftest    conftest.c  >&5
configure:3199: $? = 0
configure:3206: ./conftest
configure:3210: $? = 0
configure:3225: result: no
configure:3230: checking for suffix of object files
configure:3252: gcc -c   conftest.c >&5
configure:3256: $? = 0
configure:3277: result: o
configure:3281: checking whether we are using the GNU C compiler
configure:3300: gcc -c   conftest.c >&5
configure:3300: $? = 0
configure:3309: result: yes
configure:3318: checking whether gcc accepts -g
configure:3338: gcc -c -g  conftest.c >&5
configure:3338: $? = 0
configure:3379: result: yes
configure:3396: checking for gcc option to accept ISO C89
configure:3459: gcc  -c -g -O2  conftest.c >&5
configure:3459: $? = 0
configure:3472: result: none needed
configure:3497: checking whether gcc understands -c and -o together
configure:3519: gcc -c conftest.c -o conftest2.o
configure:3522: $? = 0
configure:3519: gcc -c conftest.c -o conftest2.o
configure:3522: $? = 0
configure:3534: result: yes
configure:3554: checking whether make supports the include directive
configure:3569: make -f confmf.GNU && cat confinc.out
this is the am__doit target
configure:3572: $? = 0
configure:3591: result: yes (GNU style)
configure:3616: checking dependency style of gcc
configure:3727: result: gcc3
configure:3752: checking how to run the C preprocessor
configure:3783: gcc -E  conftest.c
configure:3783: $? = 0
configure:3797: gcc -E  conftest.c
conftest.c:11:28: fatal error: ac_nonexistent.h: No such file or directory
compilation terminated.
configure:3797: $? = 1
configure: failed program was:
| /* confdefs.h */
| #define PACKAGE_NAME "wfw"
| #define PACKAGE_TARNAME "wfw"
| #define PACKAGE_VERSION "1.0"
| #define PACKAGE_STRING "wfw 1.0"
| #define PACKAGE_BUGREPORT "choeypn@wwu.edu"
| #define PACKAGE_URL ""
| #define PACKAGE "wfw"
| #define VERSION "1.0"
| /* end confdefs.h.  */
| #include <ac_nonexistent.h>
configure:3822: result: gcc -E
configure:3842: gcc -E  conftest.c
configure:3842: $? = 0
configure:3856: gcc -E  conftest.c
conftest.c:11:28: fatal error: ac_nonexistent.h: No such file or directory
compilation terminated.
configure:3856: $? = 1
configure: failed program was:
| /* confdefs.h */
| #define PACKAGE_NAME "wfw"
| #define PACKAGE_TARNAME "wfw"
| #define PACKAGE_VERSION "1.0"
| #define PACKAGE_STRING "wfw 1.0"
| #define PACKAGE_BUGREPORT "choeypn@wwu.edu"
| #define PACKAGE_URL ""
| #define PACKAGE "wfw"
| #define VERSION "1.0"
| /* end confdefs.h.  */
| #include <ac_nonexistent.h>
configure:3885: checking for grep that handles long lines and -e
configure:3943: result: /usr/bin/grep
configure:3948: checking for egrep
configure:4010: result: /usr/bin/grep -E
configure:4015: checking for ANSI C header files
configure:4035: gcc -c -g -O2  conftest.c >&5
configure:4035: $? = 0
configure:4108: gcc -o conftest -g -O2   conftest.c  >&5
configure:4108: $? = 0
configure:4108: ./conftest
configure:4108: $? = 0
configure:4119: result: yes
configure:4132: checking for sys/types.h
configure:4132: gcc -c -g -O2  conftest.c >&5
configure:4132: $? = 0
configure:4132: result: yes
configure:4132: checking for sys/stat.h
configure:4132: gcc -c -g -O2  conftest.c >&5
configure:4132: $? = 0
configure:4132: result: yes
configure:4132: checking for stdlib.h
configure:4132: gcc -c -g -O2  conftest.c >&5
configure:4132: $? = 0
configure:4132: result: yes
configure:4132: checking for string.h
configure:4132: gcc -c -g -O2  conftest.c >&5
configure:4132: $? = 0
configure:4132: result: yes
configure:4132: checking for memory.h
configure:4132: gcc -c -g -O2  conftest.c >&5
configure:4132: $? = 0
configure:4132: result: yes
configure:4132: checking for strings.h
configure:4132: gcc -c -g -O2  conftest.c >&5
configure:4132: $? = 0
configure:4132: result: yes
configure:4132: checking for inttypes.h
configure:4132: gcc -c -g -O2  conftest.c >&5
configure:4132: $? = 0
configure:4132: result: yes
configure:4132: checking for stdint.h
configure:4132: gcc -c -g -O2  conftest.c >&5
configure:4132: $? = 0
configure:4132: result: yes
configure:4132: checking for unistd.h
configure:4132: gcc -c -g -O2  conftest.c >&5
configure:4132: $? = 0
configure:4132: result: yes
configure:4146: checking for stdlib.h
configure:4146: result: yes
configure:4210: checking for pkg-config
configure:4228: found /usr/pkg/bin/pkg-config
configure:4240: result: /usr/pkg/bin/pkg-config
configure:4265: checking pkg-config is at least version 0.9.0
configure:4268: result: yes
configure:4278: checking for check >= 0.9.10
configure:4285: $PKG_CONFIG --exists --print-errors "check >= 0.9.10"
configure:4288: $? = 0
configure:4302: $PKG_CONFIG --exists --print-errors "check >= 0.9.10"
configure:4305: $? = 0
configure:4363: result: yes
configure:4483: checking that generated files are newer than configure
configure:4489: result: done
configure:4512: creating ./config.status

## ---------------------- ##
## Running config.status. ##
## ---------------------- ##

This file was extended by wfw config.status 1.0, which was
generated by GNU Autoconf 2.69.  Invocation command line was

  CONFIG_FILES    = 
  CONFIG_HEADERS  = 
  CONFIG_LINKS    = 
  CONFIG_COMMANDS = 
  $ ./config.status 

on localhost

config.status:858: creating Makefile
config.status:858: creating config.h
config.status:1072: executing depfiles commands
config.status:1147: cd .       && sed -e '/# am--include-marker/d' Makefile         | make -f - am--depfiles
config.status:1154: $? = 0

## ---------------- ##
## Cache variables. ##
## ---------------- ##

ac_cv_c_compiler_gnu=yes
ac_cv_env_CC_set=''
ac_cv_env_CC_value=''
ac_cv_env_CFLAGS_set=''
ac_cv_env_CFLAGS_value=''
ac_cv_env_CHECK_CFLAGS_set=''
ac_cv_env_CHECK_CFLAGS_value=''
ac_cv_env_CHECK_LIBS_set=''
ac_cv_env_CHECK_LIBS_value=''
ac_cv_env_CPPFLAGS_set=''
ac_cv_env_CPPFLAGS_value=''
ac_cv_env_CPP_set=''
ac_cv_env_CPP_value=''
ac_cv_env_LDFLAGS_set=''
ac_cv_env_LDFLAGS_value=''
ac_cv_env_LIBS_set=''
ac_cv_env_LIBS_value=''
ac_cv_env_PKG_CONFIG_LIBDIR_set=''
ac_cv_env_PKG_CONFIG_LIBDIR_value=''
ac_cv_env_PKG_CONFIG_PATH_set=''
ac_cv_env_PKG_CONFIG_PATH_value=''
ac_cv_env_PKG_CONFIG_set=''
ac_cv_env_PKG_CONFIG_value=''
ac_cv_env_build_alias_set=''
ac_cv_env_build_alias_value=''
ac_cv_env_host_alias_set=''
ac_cv_env_host_alias_value=''
ac_cv_env_target_alias_set=''
ac_cv_env_target_alias_value=''
ac_cv_header_inttypes_h=yes
ac_cv_header_memory_h=yes
ac_cv_header_stdc=yes
ac_cv_header_stdint_h=yes
ac_cv_header_stdlib_h=yes
ac_cv_header_string_h=yes
ac_cv_header_strings_h=yes
ac_cv_header_sys_stat_h=yes
ac_cv_header_sys_types_h=yes
ac_cv_header_unistd_h=yes
ac_cv_objext=o
ac_cv_path_EGREP='/usr/bin/grep -E'
ac_cv_path_GREP=/usr/bin/grep
ac_cv_path_ac_pt_PKG_CONFIG=/usr/pkg/bin/pkg-config
ac_cv_path_install='/usr/bin/install -c'
ac_cv_prog_AWK=awk
ac_cv_prog_CPP='gcc -E'
ac_cv_prog_ac_ct_CC=gcc
ac_cv_prog_cc_c89=''
ac_cv_prog_cc_g=yes
ac_cv_prog_make_make_set=yes
am_cv_CC_dependencies_compiler_type=gcc3
am_cv_make_support_nested_variables=yes
am_cv_prog_cc_c_o=yes
pkg_cv_CHECK_CFLAGS='-pthread -I/usr/pkg/include'
pkg_cv_CHECK_LIBS='-L/usr/pkg/lib -Wl,-R/usr/pkg/lib -lcheck'

## ----------------- ##
## Output variables. ##
## ----------------- ##

ACLOCAL='${SHELL} /home/choeypn/wfw/missing aclocal-1.16'
AMDEPBACKSLASH='\'
AMDEP_FALSE='#'
AMDEP_TRUE=''
AMTAR='$${TAR-tar}'
AM_BACKSLASH='\'
AM_DEFAULT_V='$(AM_DEFAULT_VERBOSITY)'
AM_DEFAULT_VERBOSITY='1'
AM_V='$(V)'
AUTOCONF='${SHELL} /home/choeypn/wfw/missing autoconf'
AUTOHEADER='${SHELL} /home/choeypn/wfw/missing autoheader'
AUTOMAKE='${SHELL} /home/choeypn/wfw/missing automake-1.16'
AWK='awk'
CC='gcc'
CCDEPMODE='depmode=gcc3'
CFLAGS='-g -O2'
CHECK_CFLAGS='-pthread -I/usr/pkg/include'
CHECK_LIBS='-L/usr/pkg/lib -Wl,-R/usr/pkg/lib -lcheck'
CPP='gcc -E'
CPPFLAGS=''
CYGPATH_W='echo'
DEFS='-DHAVE_CONFIG_H'
DEPDIR='.deps'
ECHO_C=''
ECHO_N='-n'
ECHO_T=''
EGREP='/usr/bin/grep -E'
EXEEXT=''
GREP='/usr/bin/grep'
INSTALL_DATA='${INSTALL} -m 644'
INSTALL_PROGRAM='${INSTALL}'
INSTALL_SCRIPT='${INSTALL}'
INSTALL_STRIP_PROGRAM='$(install_sh) -c -s'
LDFLAGS=''
LIBOBJS=''
LIBS=''
LTLIBOBJS=''
MAKEINFO='${SHELL} /home/choeypn/wfw/missing makeinfo'
MKDIR_P='../install-sh -c -d'
OBJEXT='o'
PACKAGE='wfw'
PACKAGE_BUGREPORT='choeypn@wwu.edu'
PACKAGE_NAME='wfw'
PACKAGE_STRING='wfw 1.0'
PACKAGE_TARNAME='wfw'
PACKAGE_URL=''
PACKAGE_VERSION='1.0'
PATH_SEPARATOR=':'
PKG_CONFIG='/usr/pkg/bin/pkg-config'
PKG_CONFIG_LIBDIR=''
PKG_CONFIG_PATH=''
SET_MAKE=''
SHELL='/bin/sh'
STRIP=''
VERSION='1.0'
ac_ct_CC='gcc'
am__EXEEXT_FALSE=''
am__EXEEXT_TRUE='#'
am__fastdepCC_FALSE='#'
am__fastdepCC_TRUE=''
am__include='include'
am__isrc=' -I$(srcdir)'
am__leading_dot='.'
am__nodep='_no'
am__quote=''
am__tar='$${TAR-tar} chof - "$$tardir"'
am__untar='$${TAR-tar} xf -'
bindir='${exec_prefix}/bin'
build_alias=''
datadir='${datarootdir}'
datarootdir='${prefix}/share'
docdir='${datarootdir}/doc/${PACKAGE_TARNAME}'
dvidir='${docdir}'
exec_prefix='${prefix}'
host_alias=''
htmldir='${docdir}'
includedir='${prefix}/include'
infodir='${datarootdir}/info'
install_sh='${SHELL} /home/choeypn/wfw/install-sh'
libdir='${exec_prefix}/lib'
libexecdir='${exec_prefix}/libexec'
localedir='${datarootdir}/locale'
localstatedir='${prefix}/var'
mandir='${datarootdir}/man'
mkdir_p='$(MKDIR_P)'
oldincludedir='/usr/include'
pdfdir='${docdir}'
prefix='/usr/local'
program_transform_name='s,x,x,'
psdir='${docdir}'
sbindir='${exec_prefix}/sbin'
sharedstatedir='${prefix}/com'
sysconfdir='${prefix}/etc'
target_alias=''

## ----------- ##
## confdefs.h. ##
## ----------- ##

/* confdefs.h */
#define PACKAGE_NAME "wfw"
#define PACKAGE_TARNAME "wfw"
#define PACKAGE_VERSION "1.0"
#define PACKAGE_STRING "wfw 1.0"
#define PACKAGE_BUGREPORT "choeypn@wwu.edu"
#define PACKAGE_URL ""
#define PACKAGE "wfw"
#define VERSION "1.0"
#define STDC_HEADERS 1
#define HAVE_SYS_TYPES_H 1
#define HAVE_SYS_STAT_H 1
#define HAVE_STDLIB_H 1
#define HAVE_STRING_H 1
#define HAVE_MEMORY_H 1
#define HAVE_STRINGS_H 1
#define HAVE_INTTYPES_H 1
#define HAVE_STDINT_H 1
#define HAVE_UNISTD_H 1
#define HAVE_STDLIB_H 1

configure: exit 0
